<?xml version="1.0" encoding="UTF-8"?>
<testng-results skipped="0" failed="0" ignored="0" total="1" passed="1">
  <reporter-output>
  </reporter-output>
  <suite name="Default suite" duration-ms="6078" started-at="2018-09-29T07:37:55Z" finished-at="2018-09-29T07:38:01Z">
    <groups>
    </groups>
    <test name="Default test" duration-ms="6078" started-at="2018-09-29T07:37:55Z" finished-at="2018-09-29T07:38:01Z">
      <class name="TestNG.PhpWebapp">
        <test-method status="PASS" signature="launch()[pri:0, instance:TestNG.PhpWebapp@1ee9faa]" name="launch" is-config="true" duration-ms="3990" started-at="2018-09-29T07:37:55Z" finished-at="2018-09-29T07:37:59Z">
          <reporter-output>
          </reporter-output>
        </test-method> <!-- launch -->
        <test-method status="PASS" signature="verifylogin()[pri:0, instance:TestNG.PhpWebapp@1ee9faa]" name="verifylogin" duration-ms="2066" started-at="2018-09-29T07:37:59Z" finished-at="2018-09-29T07:38:01Z">
          <reporter-output>
          </reporter-output>
        </test-method> <!-- verifylogin -->
        <test-method status="PASS" signature="close()[pri:0, instance:TestNG.PhpWebapp@1ee9faa]" name="close" is-config="true" duration-ms="1" started-at="2018-09-29T07:38:01Z" finished-at="2018-09-29T07:38:01Z">
          <reporter-output>
          </reporter-output>
        </test-method> <!-- close -->
      </class> <!-- TestNG.PhpWebapp -->
    </test> <!-- Default test -->
  </suite> <!-- Default suite -->
</testng-results>
